<?xml version="1.0" encoding="UTF-8"?>
<testsuite xmlns:xsi="http://www.w3.org/2001/XMLSchema-instance" xsi:noNamespaceSchemaLocation="https://maven.apache.org/surefire/maven-surefire-plugin/xsd/surefire-test-report.xsd" name="com.prueba.prueba.PruebaApplicationTests" time="0.891" tests="1" errors="0" skipped="0" failures="0">
  <properties>
    <property name="sun.desktop" value="windows"/>
    <property name="awt.toolkit" value="sun.awt.windows.WToolkit"/>
    <property name="file.encoding.pkg" value="sun.io"/>
    <property name="java.specification.version" value="1.8"/>
    <property name="sun.cpu.isalist" value="amd64"/>
    <property name="sun.jnu.encoding" value="Cp1252"/>
    <property name="java.class.path" value="C:\Users\Temple\Desktop\pruebaS\target\test-classes;C:\Users\Temple\Desktop\pruebaS\target\classes;C:\Users\Temple\.m2\repository\org\springframework\boot\spring-boot-starter-data-jpa\2.7.11-SNAPSHOT\spring-boot-starter-data-jpa-2.7.11-SNAPSHOT.jar;C:\Users\Temple\.m2\repository\org\springframework\boot\spring-boot-starter-aop\2.7.11-SNAPSHOT\spring-boot-starter-aop-2.7.11-SNAPSHOT.jar;C:\Users\Temple\.m2\repository\org\springframework\spring-aop\5.3.27-SNAPSHOT\spring-aop-5.3.27-SNAPSHOT.jar;C:\Users\Temple\.m2\repository\org\aspectj\aspectjweaver\1.9.7\aspectjweaver-1.9.7.jar;C:\Users\Temple\.m2\repository\org\springframework\boot\spring-boot-starter-jdbc\2.7.11-SNAPSHOT\spring-boot-starter-jdbc-2.7.11-SNAPSHOT.jar;C:\Users\Temple\.m2\repository\com\zaxxer\HikariCP\4.0.3\HikariCP-4.0.3.jar;C:\Users\Temple\.m2\repository\org\springframework\spring-jdbc\5.3.27-SNAPSHOT\spring-jdbc-5.3.27-SNAPSHOT.jar;C:\Users\Temple\.m2\repository\jakarta\transaction\jakarta.transaction-api\1.3.3\jakarta.transaction-api-1.3.3.jar;C:\Users\Temple\.m2\repository\jakarta\persistence\jakarta.persistence-api\2.2.3\jakarta.persistence-api-2.2.3.jar;C:\Users\Temple\.m2\repository\org\hibernate\hibernate-core\5.6.15.Final\hibernate-core-5.6.15.Final.jar;C:\Users\Temple\.m2\repository\org\jboss\logging\jboss-logging\3.4.3.Final\jboss-logging-3.4.3.Final.jar;C:\Users\Temple\.m2\repository\antlr\antlr\2.7.7\antlr-2.7.7.jar;C:\Users\Temple\.m2\repository\org\jboss\jandex\2.4.2.Final\jandex-2.4.2.Final.jar;C:\Users\Temple\.m2\repository\com\fasterxml\classmate\1.5.1\classmate-1.5.1.jar;C:\Users\Temple\.m2\repository\org\hibernate\common\hibernate-commons-annotations\5.1.2.Final\hibernate-commons-annotations-5.1.2.Final.jar;C:\Users\Temple\.m2\repository\org\glassfish\jaxb\jaxb-runtime\2.3.8\jaxb-runtime-2.3.8.jar;C:\Users\Temple\.m2\repository\org\glassfish\jaxb\txw2\2.3.8\txw2-2.3.8.jar;C:\Users\Temple\.m2\repository\com\sun\istack\istack-commons-runtime\3.0.12\istack-commons-runtime-3.0.12.jar;C:\Users\Temple\.m2\repository\com\sun\activation\jakarta.activation\1.2.2\jakarta.activation-1.2.2.jar;C:\Users\Temple\.m2\repository\org\springframework\data\spring-data-jpa\2.7.10\spring-data-jpa-2.7.10.jar;C:\Users\Temple\.m2\repository\org\springframework\data\spring-data-commons\2.7.10\spring-data-commons-2.7.10.jar;C:\Users\Temple\.m2\repository\org\springframework\spring-orm\5.3.27-SNAPSHOT\spring-orm-5.3.27-SNAPSHOT.jar;C:\Users\Temple\.m2\repository\org\springframework\spring-context\5.3.27-SNAPSHOT\spring-context-5.3.27-SNAPSHOT.jar;C:\Users\Temple\.m2\repository\org\springframework\spring-tx\5.3.27-SNAPSHOT\spring-tx-5.3.27-SNAPSHOT.jar;C:\Users\Temple\.m2\repository\org\springframework\spring-beans\5.3.27-SNAPSHOT\spring-beans-5.3.27-SNAPSHOT.jar;C:\Users\Temple\.m2\repository\org\springframework\spring-aspects\5.3.27-SNAPSHOT\spring-aspects-5.3.27-SNAPSHOT.jar;C:\Users\Temple\.m2\repository\org\springframework\boot\spring-boot-starter-web\2.7.11-SNAPSHOT\spring-boot-starter-web-2.7.11-SNAPSHOT.jar;C:\Users\Temple\.m2\repository\org\springframework\boot\spring-boot-starter\2.7.11-SNAPSHOT\spring-boot-starter-2.7.11-SNAPSHOT.jar;C:\Users\Temple\.m2\repository\org\springframework\boot\spring-boot-starter-logging\2.7.11-SNAPSHOT\spring-boot-starter-logging-2.7.11-SNAPSHOT.jar;C:\Users\Temple\.m2\repository\ch\qos\logback\logback-classic\1.2.11\logback-classic-1.2.11.jar;C:\Users\Temple\.m2\repository\ch\qos\logback\logback-core\1.2.11\logback-core-1.2.11.jar;C:\Users\Temple\.m2\repository\org\apache\logging\log4j\log4j-to-slf4j\2.17.2\log4j-to-slf4j-2.17.2.jar;C:\Users\Temple\.m2\repository\org\apache\logging\log4j\log4j-api\2.17.2\log4j-api-2.17.2.jar;C:\Users\Temple\.m2\repository\org\slf4j\jul-to-slf4j\1.7.36\jul-to-slf4j-1.7.36.jar;C:\Users\Temple\.m2\repository\jakarta\annotation\jakarta.annotation-api\1.3.5\jakarta.annotation-api-1.3.5.jar;C:\Users\Temple\.m2\repository\org\yaml\snakeyaml\1.30\snakeyaml-1.30.jar;C:\Users\Temple\.m2\repository\org\springframework\boot\spring-boot-starter-json\2.7.11-SNAPSHOT\spring-boot-starter-json-2.7.11-SNAPSHOT.jar;C:\Users\Temple\.m2\repository\com\fasterxml\jackson\core\jackson-databind\2.13.5\jackson-databind-2.13.5.jar;C:\Users\Temple\.m2\repository\com\fasterxml\jackson\core\jackson-annotations\2.13.5\jackson-annotations-2.13.5.jar;C:\Users\Temple\.m2\repository\com\fasterxml\jackson\core\jackson-core\2.13.5\jackson-core-2.13.5.jar;C:\Users\Temple\.m2\repository\com\fasterxml\jackson\datatype\jackson-datatype-jdk8\2.13.5\jackson-datatype-jdk8-2.13.5.jar;C:\Users\Temple\.m2\repository\com\fasterxml\jackson\datatype\jackson-datatype-jsr310\2.13.5\jackson-datatype-jsr310-2.13.5.jar;C:\Users\Temple\.m2\repository\com\fasterxml\jackson\module\jackson-module-parameter-names\2.13.5\jackson-module-parameter-names-2.13.5.jar;C:\Users\Temple\.m2\repository\org\springframework\boot\spring-boot-starter-tomcat\2.7.11-SNAPSHOT\spring-boot-starter-tomcat-2.7.11-SNAPSHOT.jar;C:\Users\Temple\.m2\repository\org\apache\tomcat\embed\tomcat-embed-core\9.0.73\tomcat-embed-core-9.0.73.jar;C:\Users\Temple\.m2\repository\org\apache\tomcat\embed\tomcat-embed-el\9.0.73\tomcat-embed-el-9.0.73.jar;C:\Users\Temple\.m2\repository\org\apache\tomcat\embed\tomcat-embed-websocket\9.0.73\tomcat-embed-websocket-9.0.73.jar;C:\Users\Temple\.m2\repository\org\springframework\spring-web\5.3.27-SNAPSHOT\spring-web-5.3.27-SNAPSHOT.jar;C:\Users\Temple\.m2\repository\org\springframework\spring-webmvc\5.3.27-SNAPSHOT\spring-webmvc-5.3.27-SNAPSHOT.jar;C:\Users\Temple\.m2\repository\org\springframework\spring-expression\5.3.27-SNAPSHOT\spring-expression-5.3.27-SNAPSHOT.jar;C:\Users\Temple\.m2\repository\org\springframework\boot\spring-boot-devtools\2.7.11-SNAPSHOT\spring-boot-devtools-2.7.11-SNAPSHOT.jar;C:\Users\Temple\.m2\repository\org\springframework\boot\spring-boot\2.7.11-SNAPSHOT\spring-boot-2.7.11-SNAPSHOT.jar;C:\Users\Temple\.m2\repository\org\springframework\boot\spring-boot-autoconfigure\2.7.11-SNAPSHOT\spring-boot-autoconfigure-2.7.11-SNAPSHOT.jar;C:\Users\Temple\.m2\repository\com\mysql\mysql-connector-j\8.0.32\mysql-connector-j-8.0.32.jar;C:\Users\Temple\.m2\repository\org\projectlombok\lombok\1.18.26\lombok-1.18.26.jar;C:\Users\Temple\.m2\repository\org\springframework\boot\spring-boot-starter-test\2.7.11-SNAPSHOT\spring-boot-starter-test-2.7.11-SNAPSHOT.jar;C:\Users\Temple\.m2\repository\org\springframework\boot\spring-boot-test\2.7.11-SNAPSHOT\spring-boot-test-2.7.11-SNAPSHOT.jar;C:\Users\Temple\.m2\repository\org\springframework\boot\spring-boot-test-autoconfigure\2.7.11-SNAPSHOT\spring-boot-test-autoconfigure-2.7.11-SNAPSHOT.jar;C:\Users\Temple\.m2\repository\com\jayway\jsonpath\json-path\2.7.0\json-path-2.7.0.jar;C:\Users\Temple\.m2\repository\net\minidev\json-smart\2.4.10\json-smart-2.4.10.jar;C:\Users\Temple\.m2\repository\net\minidev\accessors-smart\2.4.9\accessors-smart-2.4.9.jar;C:\Users\Temple\.m2\repository\org\ow2\asm\asm\9.3\asm-9.3.jar;C:\Users\Temple\.m2\repository\jakarta\xml\bind\jakarta.xml.bind-api\2.3.3\jakarta.xml.bind-api-2.3.3.jar;C:\Users\Temple\.m2\repository\jakarta\activation\jakarta.activation-api\1.2.2\jakarta.activation-api-1.2.2.jar;C:\Users\Temple\.m2\repository\org\assertj\assertj-core\3.22.0\assertj-core-3.22.0.jar;C:\Users\Temple\.m2\repository\org\hamcrest\hamcrest\2.2\hamcrest-2.2.jar;C:\Users\Temple\.m2\repository\org\junit\jupiter\junit-jupiter\5.8.2\junit-jupiter-5.8.2.jar;C:\Users\Temple\.m2\repository\org\junit\jupiter\junit-jupiter-api\5.8.2\junit-jupiter-api-5.8.2.jar;C:\Users\Temple\.m2\repository\org\opentest4j\opentest4j\1.2.0\opentest4j-1.2.0.jar;C:\Users\Temple\.m2\repository\org\junit\platform\junit-platform-commons\1.8.2\junit-platform-commons-1.8.2.jar;C:\Users\Temple\.m2\repository\org\apiguardian\apiguardian-api\1.1.2\apiguardian-api-1.1.2.jar;C:\Users\Temple\.m2\repository\org\junit\jupiter\junit-jupiter-params\5.8.2\junit-jupiter-params-5.8.2.jar;C:\Users\Temple\.m2\repository\org\junit\jupiter\junit-jupiter-engine\5.8.2\junit-jupiter-engine-5.8.2.jar;C:\Users\Temple\.m2\repository\org\junit\platform\junit-platform-engine\1.8.2\junit-platform-engine-1.8.2.jar;C:\Users\Temple\.m2\repository\org\mockito\mockito-junit-jupiter\4.5.1\mockito-junit-jupiter-4.5.1.jar;C:\Users\Temple\.m2\repository\org\skyscreamer\jsonassert\1.5.1\jsonassert-1.5.1.jar;C:\Users\Temple\.m2\repository\com\vaadin\external\google\android-json\0.0.20131108.vaadin1\android-json-0.0.20131108.vaadin1.jar;C:\Users\Temple\.m2\repository\org\springframework\spring-core\5.3.27-SNAPSHOT\spring-core-5.3.27-SNAPSHOT.jar;C:\Users\Temple\.m2\repository\org\springframework\spring-jcl\5.3.27-SNAPSHOT\spring-jcl-5.3.27-SNAPSHOT.jar;C:\Users\Temple\.m2\repository\org\springframework\spring-test\5.3.27-SNAPSHOT\spring-test-5.3.27-SNAPSHOT.jar;C:\Users\Temple\.m2\repository\org\xmlunit\xmlunit-core\2.9.1\xmlunit-core-2.9.1.jar;C:\Users\Temple\.m2\repository\org\mockito\mockito-core\3.12.4\mockito-core-3.12.4.jar;C:\Users\Temple\.m2\repository\net\bytebuddy\byte-buddy\1.12.23\byte-buddy-1.12.23.jar;C:\Users\Temple\.m2\repository\net\bytebuddy\byte-buddy-agent\1.12.23\byte-buddy-agent-1.12.23.jar;C:\Users\Temple\.m2\repository\org\objenesis\objenesis\3.2\objenesis-3.2.jar;C:\Users\Temple\.m2\repository\com\h2database\h2\2.1.214\h2-2.1.214.jar;C:\Users\Temple\.m2\repository\org\apache\maven\maven-core\4.0.0-alpha-5\maven-core-4.0.0-alpha-5.jar;C:\Users\Temple\.m2\repository\org\apache\maven\maven-model\4.0.0-alpha-5\maven-model-4.0.0-alpha-5.jar;C:\Users\Temple\.m2\repository\org\apache\maven\maven-api-model\4.0.0-alpha-5\maven-api-model-4.0.0-alpha-5.jar;C:\Users\Temple\.m2\repository\org\apache\maven\maven-api-xml\4.0.0-alpha-5\maven-api-xml-4.0.0-alpha-5.jar;C:\Users\Temple\.m2\repository\org\apache\maven\maven-xml-impl\4.0.0-alpha-5\maven-xml-impl-4.0.0-alpha-5.jar;C:\Users\Temple\.m2\repository\org\apache\maven\maven-settings\4.0.0-alpha-5\maven-settings-4.0.0-alpha-5.jar;C:\Users\Temple\.m2\repository\org\apache\maven\maven-api-settings\4.0.0-alpha-5\maven-api-settings-4.0.0-alpha-5.jar;C:\Users\Temple\.m2\repository\org\apache\maven\maven-settings-builder\4.0.0-alpha-5\maven-settings-builder-4.0.0-alpha-5.jar;C:\Users\Temple\.m2\repository\org\apache\maven\maven-builder-support\4.0.0-alpha-5\maven-builder-support-4.0.0-alpha-5.jar;C:\Users\Temple\.m2\repository\org\codehaus\plexus\plexus-interpolation\1.26\plexus-interpolation-1.26.jar;C:\Users\Temple\.m2\repository\org\codehaus\plexus\plexus-sec-dispatcher\2.0\plexus-sec-dispatcher-2.0.jar;C:\Users\Temple\.m2\repository\org\codehaus\plexus\plexus-cipher\2.0\plexus-cipher-2.0.jar;C:\Users\Temple\.m2\repository\org\apache\maven\maven-toolchain-model\4.0.0-alpha-5\maven-toolchain-model-4.0.0-alpha-5.jar;C:\Users\Temple\.m2\repository\org\apache\maven\maven-api-toolchain\4.0.0-alpha-5\maven-api-toolchain-4.0.0-alpha-5.jar;C:\Users\Temple\.m2\repository\org\apache\maven\maven-toolchain-builder\4.0.0-alpha-5\maven-toolchain-builder-4.0.0-alpha-5.jar;C:\Users\Temple\.m2\repository\org\apache\maven\maven-repository-metadata\4.0.0-alpha-5\maven-repository-metadata-4.0.0-alpha-5.jar;C:\Users\Temple\.m2\repository\org\apache\maven\maven-artifact\4.0.0-alpha-5\maven-artifact-4.0.0-alpha-5.jar;C:\Users\Temple\.m2\repository\org\apache\maven\maven-plugin-api\4.0.0-alpha-5\maven-plugin-api-4.0.0-alpha-5.jar;C:\Users\Temple\.m2\repository\org\apache\maven\maven-model-builder\4.0.0-alpha-5\maven-model-builder-4.0.0-alpha-5.jar;C:\Users\Temple\.m2\repository\org\apache\maven\maven-model-transform\4.0.0-alpha-5\maven-model-transform-4.0.0-alpha-5.jar;C:\Users\Temple\.m2\repository\org\apache\maven\maven-resolver-provider\4.0.0-alpha-5\maven-resolver-provider-4.0.0-alpha-5.jar;C:\Users\Temple\.m2\repository\org\apache\maven\maven-api-core\4.0.0-alpha-5\maven-api-core-4.0.0-alpha-5.jar;C:\Users\Temple\.m2\repository\org\apache\maven\maven-api-meta\4.0.0-alpha-5\maven-api-meta-4.0.0-alpha-5.jar;C:\Users\Temple\.m2\repository\org\apache\maven\resolver\maven-resolver-impl\1.9.7\maven-resolver-impl-1.9.7.jar;C:\Users\Temple\.m2\repository\org\apache\maven\resolver\maven-resolver-named-locks\1.9.7\maven-resolver-named-locks-1.9.7.jar;C:\Users\Temple\.m2\repository\org\apache\maven\resolver\maven-resolver-api\1.9.7\maven-resolver-api-1.9.7.jar;C:\Users\Temple\.m2\repository\org\apache\maven\resolver\maven-resolver-spi\1.9.7\maven-resolver-spi-1.9.7.jar;C:\Users\Temple\.m2\repository\org\apache\maven\resolver\maven-resolver-util\1.9.7\maven-resolver-util-1.9.7.jar;C:\Users\Temple\.m2\repository\org\apache\maven\shared\maven-shared-utils\3.3.4\maven-shared-utils-3.3.4.jar;C:\Users\Temple\.m2\repository\org\eclipse\sisu\org.eclipse.sisu.plexus\0.3.5\org.eclipse.sisu.plexus-0.3.5.jar;C:\Users\Temple\.m2\repository\javax\annotation\javax.annotation-api\1.3.2\javax.annotation-api-1.3.2.jar;C:\Users\Temple\.m2\repository\org\codehaus\plexus\plexus-component-annotations\1.5.5\plexus-component-annotations-1.5.5.jar;C:\Users\Temple\.m2\repository\org\codehaus\plexus\plexus-utils\3.0.24\plexus-utils-3.0.24.jar;C:\Users\Temple\.m2\repository\org\eclipse\sisu\org.eclipse.sisu.inject\0.3.5\org.eclipse.sisu.inject-0.3.5.jar;C:\Users\Temple\.m2\repository\com\google\inject\guice\5.1.0\guice-5.1.0.jar;C:\Users\Temple\.m2\repository\aopalliance\aopalliance\1.0\aopalliance-1.0.jar;C:\Users\Temple\.m2\repository\com\google\guava\guava\30.1-jre\guava-30.1-jre.jar;C:\Users\Temple\.m2\repository\com\google\guava\failureaccess\1.0.1\failureaccess-1.0.1.jar;C:\Users\Temple\.m2\repository\javax\inject\javax.inject\1\javax.inject-1.jar;C:\Users\Temple\.m2\repository\org\apache\maven\plexus-utils\4.0.0-alpha-5\plexus-utils-4.0.0-alpha-5.jar;C:\Users\Temple\.m2\repository\org\codehaus\plexus\plexus-classworlds\2.6.0\plexus-classworlds-2.6.0.jar;C:\Users\Temple\.m2\repository\org\apache\commons\commons-lang3\3.12.0\commons-lang3-3.12.0.jar;C:\Users\Temple\.m2\repository\org\slf4j\slf4j-api\1.7.36\slf4j-api-1.7.36.jar;"/>
    <property name="java.vm.vendor" value="Oracle Corporation"/>
    <property name="sun.arch.data.model" value="64"/>
    <property name="user.variant" value=""/>
    <property name="java.vendor.url" value="http://java.oracle.com/"/>
    <property name="user.timezone" value="America/Buenos_Aires"/>
    <property name="java.vm.specification.version" value="1.8"/>
    <property name="os.name" value="Windows 10"/>
    <property name="user.country" value="AR"/>
    <property name="sun.java.launcher" value="SUN_STANDARD"/>
    <property name="sun.boot.library.path" value="C:\Program Files\Java\jdk1.8.0_361\jre\bin"/>
    <property name="sun.java.command" value="C:\Users\Temple\AppData\Local\Temp\surefire2927727692830996789\surefirebooter1146017763821434186.jar C:\Users\Temple\AppData\Local\Temp\surefire2927727692830996789 2023-04-07T16-14-58_580-jvmRun1 surefire8852133974274264385tmp surefire_03551439733457869388tmp"/>
    <property name="surefire.test.class.path" value="C:\Users\Temple\Desktop\pruebaS\target\test-classes;C:\Users\Temple\Desktop\pruebaS\target\classes;C:\Users\Temple\.m2\repository\org\springframework\boot\spring-boot-starter-data-jpa\2.7.11-SNAPSHOT\spring-boot-starter-data-jpa-2.7.11-SNAPSHOT.jar;C:\Users\Temple\.m2\repository\org\springframework\boot\spring-boot-starter-aop\2.7.11-SNAPSHOT\spring-boot-starter-aop-2.7.11-SNAPSHOT.jar;C:\Users\Temple\.m2\repository\org\springframework\spring-aop\5.3.27-SNAPSHOT\spring-aop-5.3.27-SNAPSHOT.jar;C:\Users\Temple\.m2\repository\org\aspectj\aspectjweaver\1.9.7\aspectjweaver-1.9.7.jar;C:\Users\Temple\.m2\repository\org\springframework\boot\spring-boot-starter-jdbc\2.7.11-SNAPSHOT\spring-boot-starter-jdbc-2.7.11-SNAPSHOT.jar;C:\Users\Temple\.m2\repository\com\zaxxer\HikariCP\4.0.3\HikariCP-4.0.3.jar;C:\Users\Temple\.m2\repository\org\springframework\spring-jdbc\5.3.27-SNAPSHOT\spring-jdbc-5.3.27-SNAPSHOT.jar;C:\Users\Temple\.m2\repository\jakarta\transaction\jakarta.transaction-api\1.3.3\jakarta.transaction-api-1.3.3.jar;C:\Users\Temple\.m2\repository\jakarta\persistence\jakarta.persistence-api\2.2.3\jakarta.persistence-api-2.2.3.jar;C:\Users\Temple\.m2\repository\org\hibernate\hibernate-core\5.6.15.Final\hibernate-core-5.6.15.Final.jar;C:\Users\Temple\.m2\repository\org\jboss\logging\jboss-logging\3.4.3.Final\jboss-logging-3.4.3.Final.jar;C:\Users\Temple\.m2\repository\antlr\antlr\2.7.7\antlr-2.7.7.jar;C:\Users\Temple\.m2\repository\org\jboss\jandex\2.4.2.Final\jandex-2.4.2.Final.jar;C:\Users\Temple\.m2\repository\com\fasterxml\classmate\1.5.1\classmate-1.5.1.jar;C:\Users\Temple\.m2\repository\org\hibernate\common\hibernate-commons-annotations\5.1.2.Final\hibernate-commons-annotations-5.1.2.Final.jar;C:\Users\Temple\.m2\repository\org\glassfish\jaxb\jaxb-runtime\2.3.8\jaxb-runtime-2.3.8.jar;C:\Users\Temple\.m2\repository\org\glassfish\jaxb\txw2\2.3.8\txw2-2.3.8.jar;C:\Users\Temple\.m2\repository\com\sun\istack\istack-commons-runtime\3.0.12\istack-commons-runtime-3.0.12.jar;C:\Users\Temple\.m2\repository\com\sun\activation\jakarta.activation\1.2.2\jakarta.activation-1.2.2.jar;C:\Users\Temple\.m2\repository\org\springframework\data\spring-data-jpa\2.7.10\spring-data-jpa-2.7.10.jar;C:\Users\Temple\.m2\repository\org\springframework\data\spring-data-commons\2.7.10\spring-data-commons-2.7.10.jar;C:\Users\Temple\.m2\repository\org\springframework\spring-orm\5.3.27-SNAPSHOT\spring-orm-5.3.27-SNAPSHOT.jar;C:\Users\Temple\.m2\repository\org\springframework\spring-context\5.3.27-SNAPSHOT\spring-context-5.3.27-SNAPSHOT.jar;C:\Users\Temple\.m2\repository\org\springframework\spring-tx\5.3.27-SNAPSHOT\spring-tx-5.3.27-SNAPSHOT.jar;C:\Users\Temple\.m2\repository\org\springframework\spring-beans\5.3.27-SNAPSHOT\spring-beans-5.3.27-SNAPSHOT.jar;C:\Users\Temple\.m2\repository\org\springframework\spring-aspects\5.3.27-SNAPSHOT\spring-aspects-5.3.27-SNAPSHOT.jar;C:\Users\Temple\.m2\repository\org\springframework\boot\spring-boot-starter-web\2.7.11-SNAPSHOT\spring-boot-starter-web-2.7.11-SNAPSHOT.jar;C:\Users\Temple\.m2\repository\org\springframework\boot\spring-boot-starter\2.7.11-SNAPSHOT\spring-boot-starter-2.7.11-SNAPSHOT.jar;C:\Users\Temple\.m2\repository\org\springframework\boot\spring-boot-starter-logging\2.7.11-SNAPSHOT\spring-boot-starter-logging-2.7.11-SNAPSHOT.jar;C:\Users\Temple\.m2\repository\ch\qos\logback\logback-classic\1.2.11\logback-classic-1.2.11.jar;C:\Users\Temple\.m2\repository\ch\qos\logback\logback-core\1.2.11\logback-core-1.2.11.jar;C:\Users\Temple\.m2\repository\org\apache\logging\log4j\log4j-to-slf4j\2.17.2\log4j-to-slf4j-2.17.2.jar;C:\Users\Temple\.m2\repository\org\apache\logging\log4j\log4j-api\2.17.2\log4j-api-2.17.2.jar;C:\Users\Temple\.m2\repository\org\slf4j\jul-to-slf4j\1.7.36\jul-to-slf4j-1.7.36.jar;C:\Users\Temple\.m2\repository\jakarta\annotation\jakarta.annotation-api\1.3.5\jakarta.annotation-api-1.3.5.jar;C:\Users\Temple\.m2\repository\org\yaml\snakeyaml\1.30\snakeyaml-1.30.jar;C:\Users\Temple\.m2\repository\org\springframework\boot\spring-boot-starter-json\2.7.11-SNAPSHOT\spring-boot-starter-json-2.7.11-SNAPSHOT.jar;C:\Users\Temple\.m2\repository\com\fasterxml\jackson\core\jackson-databind\2.13.5\jackson-databind-2.13.5.jar;C:\Users\Temple\.m2\repository\com\fasterxml\jackson\core\jackson-annotations\2.13.5\jackson-annotations-2.13.5.jar;C:\Users\Temple\.m2\repository\com\fasterxml\jackson\core\jackson-core\2.13.5\jackson-core-2.13.5.jar;C:\Users\Temple\.m2\repository\com\fasterxml\jackson\datatype\jackson-datatype-jdk8\2.13.5\jackson-datatype-jdk8-2.13.5.jar;C:\Users\Temple\.m2\repository\com\fasterxml\jackson\datatype\jackson-datatype-jsr310\2.13.5\jackson-datatype-jsr310-2.13.5.jar;C:\Users\Temple\.m2\repository\com\fasterxml\jackson\module\jackson-module-parameter-names\2.13.5\jackson-module-parameter-names-2.13.5.jar;C:\Users\Temple\.m2\repository\org\springframework\boot\spring-boot-starter-tomcat\2.7.11-SNAPSHOT\spring-boot-starter-tomcat-2.7.11-SNAPSHOT.jar;C:\Users\Temple\.m2\repository\org\apache\tomcat\embed\tomcat-embed-core\9.0.73\tomcat-embed-core-9.0.73.jar;C:\Users\Temple\.m2\repository\org\apache\tomcat\embed\tomcat-embed-el\9.0.73\tomcat-embed-el-9.0.73.jar;C:\Users\Temple\.m2\repository\org\apache\tomcat\embed\tomcat-embed-websocket\9.0.73\tomcat-embed-websocket-9.0.73.jar;C:\Users\Temple\.m2\repository\org\springframework\spring-web\5.3.27-SNAPSHOT\spring-web-5.3.27-SNAPSHOT.jar;C:\Users\Temple\.m2\repository\org\springframework\spring-webmvc\5.3.27-SNAPSHOT\spring-webmvc-5.3.27-SNAPSHOT.jar;C:\Users\Temple\.m2\repository\org\springframework\spring-expression\5.3.27-SNAPSHOT\spring-expression-5.3.27-SNAPSHOT.jar;C:\Users\Temple\.m2\repository\org\springframework\boot\spring-boot-devtools\2.7.11-SNAPSHOT\spring-boot-devtools-2.7.11-SNAPSHOT.jar;C:\Users\Temple\.m2\repository\org\springframework\boot\spring-boot\2.7.11-SNAPSHOT\spring-boot-2.7.11-SNAPSHOT.jar;C:\Users\Temple\.m2\repository\org\springframework\boot\spring-boot-autoconfigure\2.7.11-SNAPSHOT\spring-boot-autoconfigure-2.7.11-SNAPSHOT.jar;C:\Users\Temple\.m2\repository\com\mysql\mysql-connector-j\8.0.32\mysql-connector-j-8.0.32.jar;C:\Users\Temple\.m2\repository\org\projectlombok\lombok\1.18.26\lombok-1.18.26.jar;C:\Users\Temple\.m2\repository\org\springframework\boot\spring-boot-starter-test\2.7.11-SNAPSHOT\spring-boot-starter-test-2.7.11-SNAPSHOT.jar;C:\Users\Temple\.m2\repository\org\springframework\boot\spring-boot-test\2.7.11-SNAPSHOT\spring-boot-test-2.7.11-SNAPSHOT.jar;C:\Users\Temple\.m2\repository\org\springframework\boot\spring-boot-test-autoconfigure\2.7.11-SNAPSHOT\spring-boot-test-autoconfigure-2.7.11-SNAPSHOT.jar;C:\Users\Temple\.m2\repository\com\jayway\jsonpath\json-path\2.7.0\json-path-2.7.0.jar;C:\Users\Temple\.m2\repository\net\minidev\json-smart\2.4.10\json-smart-2.4.10.jar;C:\Users\Temple\.m2\repository\net\minidev\accessors-smart\2.4.9\accessors-smart-2.4.9.jar;C:\Users\Temple\.m2\repository\org\ow2\asm\asm\9.3\asm-9.3.jar;C:\Users\Temple\.m2\repository\jakarta\xml\bind\jakarta.xml.bind-api\2.3.3\jakarta.xml.bind-api-2.3.3.jar;C:\Users\Temple\.m2\repository\jakarta\activation\jakarta.activation-api\1.2.2\jakarta.activation-api-1.2.2.jar;C:\Users\Temple\.m2\repository\org\assertj\assertj-core\3.22.0\assertj-core-3.22.0.jar;C:\Users\Temple\.m2\repository\org\hamcrest\hamcrest\2.2\hamcrest-2.2.jar;C:\Users\Temple\.m2\repository\org\junit\jupiter\junit-jupiter\5.8.2\junit-jupiter-5.8.2.jar;C:\Users\Temple\.m2\repository\org\junit\jupiter\junit-jupiter-api\5.8.2\junit-jupiter-api-5.8.2.jar;C:\Users\Temple\.m2\repository\org\opentest4j\opentest4j\1.2.0\opentest4j-1.2.0.jar;C:\Users\Temple\.m2\repository\org\junit\platform\junit-platform-commons\1.8.2\junit-platform-commons-1.8.2.jar;C:\Users\Temple\.m2\repository\org\apiguardian\apiguardian-api\1.1.2\apiguardian-api-1.1.2.jar;C:\Users\Temple\.m2\repository\org\junit\jupiter\junit-jupiter-params\5.8.2\junit-jupiter-params-5.8.2.jar;C:\Users\Temple\.m2\repository\org\junit\jupiter\junit-jupiter-engine\5.8.2\junit-jupiter-engine-5.8.2.jar;C:\Users\Temple\.m2\repository\org\junit\platform\junit-platform-engine\1.8.2\junit-platform-engine-1.8.2.jar;C:\Users\Temple\.m2\repository\org\mockito\mockito-junit-jupiter\4.5.1\mockito-junit-jupiter-4.5.1.jar;C:\Users\Temple\.m2\repository\org\skyscreamer\jsonassert\1.5.1\jsonassert-1.5.1.jar;C:\Users\Temple\.m2\repository\com\vaadin\external\google\android-json\0.0.20131108.vaadin1\android-json-0.0.20131108.vaadin1.jar;C:\Users\Temple\.m2\repository\org\springframework\spring-core\5.3.27-SNAPSHOT\spring-core-5.3.27-SNAPSHOT.jar;C:\Users\Temple\.m2\repository\org\springframework\spring-jcl\5.3.27-SNAPSHOT\spring-jcl-5.3.27-SNAPSHOT.jar;C:\Users\Temple\.m2\repository\org\springframework\spring-test\5.3.27-SNAPSHOT\spring-test-5.3.27-SNAPSHOT.jar;C:\Users\Temple\.m2\repository\org\xmlunit\xmlunit-core\2.9.1\xmlunit-core-2.9.1.jar;C:\Users\Temple\.m2\repository\org\mockito\mockito-core\3.12.4\mockito-core-3.12.4.jar;C:\Users\Temple\.m2\repository\net\bytebuddy\byte-buddy\1.12.23\byte-buddy-1.12.23.jar;C:\Users\Temple\.m2\repository\net\bytebuddy\byte-buddy-agent\1.12.23\byte-buddy-agent-1.12.23.jar;C:\Users\Temple\.m2\repository\org\objenesis\objenesis\3.2\objenesis-3.2.jar;C:\Users\Temple\.m2\repository\com\h2database\h2\2.1.214\h2-2.1.214.jar;C:\Users\Temple\.m2\repository\org\apache\maven\maven-core\4.0.0-alpha-5\maven-core-4.0.0-alpha-5.jar;C:\Users\Temple\.m2\repository\org\apache\maven\maven-model\4.0.0-alpha-5\maven-model-4.0.0-alpha-5.jar;C:\Users\Temple\.m2\repository\org\apache\maven\maven-api-model\4.0.0-alpha-5\maven-api-model-4.0.0-alpha-5.jar;C:\Users\Temple\.m2\repository\org\apache\maven\maven-api-xml\4.0.0-alpha-5\maven-api-xml-4.0.0-alpha-5.jar;C:\Users\Temple\.m2\repository\org\apache\maven\maven-xml-impl\4.0.0-alpha-5\maven-xml-impl-4.0.0-alpha-5.jar;C:\Users\Temple\.m2\repository\org\apache\maven\maven-settings\4.0.0-alpha-5\maven-settings-4.0.0-alpha-5.jar;C:\Users\Temple\.m2\repository\org\apache\maven\maven-api-settings\4.0.0-alpha-5\maven-api-settings-4.0.0-alpha-5.jar;C:\Users\Temple\.m2\repository\org\apache\maven\maven-settings-builder\4.0.0-alpha-5\maven-settings-builder-4.0.0-alpha-5.jar;C:\Users\Temple\.m2\repository\org\apache\maven\maven-builder-support\4.0.0-alpha-5\maven-builder-support-4.0.0-alpha-5.jar;C:\Users\Temple\.m2\repository\org\codehaus\plexus\plexus-interpolation\1.26\plexus-interpolation-1.26.jar;C:\Users\Temple\.m2\repository\org\codehaus\plexus\plexus-sec-dispatcher\2.0\plexus-sec-dispatcher-2.0.jar;C:\Users\Temple\.m2\repository\org\codehaus\plexus\plexus-cipher\2.0\plexus-cipher-2.0.jar;C:\Users\Temple\.m2\repository\org\apache\maven\maven-toolchain-model\4.0.0-alpha-5\maven-toolchain-model-4.0.0-alpha-5.jar;C:\Users\Temple\.m2\repository\org\apache\maven\maven-api-toolchain\4.0.0-alpha-5\maven-api-toolchain-4.0.0-alpha-5.jar;C:\Users\Temple\.m2\repository\org\apache\maven\maven-toolchain-builder\4.0.0-alpha-5\maven-toolchain-builder-4.0.0-alpha-5.jar;C:\Users\Temple\.m2\repository\org\apache\maven\maven-repository-metadata\4.0.0-alpha-5\maven-repository-metadata-4.0.0-alpha-5.jar;C:\Users\Temple\.m2\repository\org\apache\maven\maven-artifact\4.0.0-alpha-5\maven-artifact-4.0.0-alpha-5.jar;C:\Users\Temple\.m2\repository\org\apache\maven\maven-plugin-api\4.0.0-alpha-5\maven-plugin-api-4.0.0-alpha-5.jar;C:\Users\Temple\.m2\repository\org\apache\maven\maven-model-builder\4.0.0-alpha-5\maven-model-builder-4.0.0-alpha-5.jar;C:\Users\Temple\.m2\repository\org\apache\maven\maven-model-transform\4.0.0-alpha-5\maven-model-transform-4.0.0-alpha-5.jar;C:\Users\Temple\.m2\repository\org\apache\maven\maven-resolver-provider\4.0.0-alpha-5\maven-resolver-provider-4.0.0-alpha-5.jar;C:\Users\Temple\.m2\repository\org\apache\maven\maven-api-core\4.0.0-alpha-5\maven-api-core-4.0.0-alpha-5.jar;C:\Users\Temple\.m2\repository\org\apache\maven\maven-api-meta\4.0.0-alpha-5\maven-api-meta-4.0.0-alpha-5.jar;C:\Users\Temple\.m2\repository\org\apache\maven\resolver\maven-resolver-impl\1.9.7\maven-resolver-impl-1.9.7.jar;C:\Users\Temple\.m2\repository\org\apache\maven\resolver\maven-resolver-named-locks\1.9.7\maven-resolver-named-locks-1.9.7.jar;C:\Users\Temple\.m2\repository\org\apache\maven\resolver\maven-resolver-api\1.9.7\maven-resolver-api-1.9.7.jar;C:\Users\Temple\.m2\repository\org\apache\maven\resolver\maven-resolver-spi\1.9.7\maven-resolver-spi-1.9.7.jar;C:\Users\Temple\.m2\repository\org\apache\maven\resolver\maven-resolver-util\1.9.7\maven-resolver-util-1.9.7.jar;C:\Users\Temple\.m2\repository\org\apache\maven\shared\maven-shared-utils\3.3.4\maven-shared-utils-3.3.4.jar;C:\Users\Temple\.m2\repository\org\eclipse\sisu\org.eclipse.sisu.plexus\0.3.5\org.eclipse.sisu.plexus-0.3.5.jar;C:\Users\Temple\.m2\repository\javax\annotation\javax.annotation-api\1.3.2\javax.annotation-api-1.3.2.jar;C:\Users\Temple\.m2\repository\org\codehaus\plexus\plexus-component-annotations\1.5.5\plexus-component-annotations-1.5.5.jar;C:\Users\Temple\.m2\repository\org\codehaus\plexus\plexus-utils\3.0.24\plexus-utils-3.0.24.jar;C:\Users\Temple\.m2\repository\org\eclipse\sisu\org.eclipse.sisu.inject\0.3.5\org.eclipse.sisu.inject-0.3.5.jar;C:\Users\Temple\.m2\repository\com\google\inject\guice\5.1.0\guice-5.1.0.jar;C:\Users\Temple\.m2\repository\aopalliance\aopalliance\1.0\aopalliance-1.0.jar;C:\Users\Temple\.m2\repository\com\google\guava\guava\30.1-jre\guava-30.1-jre.jar;C:\Users\Temple\.m2\repository\com\google\guava\failureaccess\1.0.1\failureaccess-1.0.1.jar;C:\Users\Temple\.m2\repository\javax\inject\javax.inject\1\javax.inject-1.jar;C:\Users\Temple\.m2\repository\org\apache\maven\plexus-utils\4.0.0-alpha-5\plexus-utils-4.0.0-alpha-5.jar;C:\Users\Temple\.m2\repository\org\codehaus\plexus\plexus-classworlds\2.6.0\plexus-classworlds-2.6.0.jar;C:\Users\Temple\.m2\repository\org\apache\commons\commons-lang3\3.12.0\commons-lang3-3.12.0.jar;C:\Users\Temple\.m2\repository\org\slf4j\slf4j-api\1.7.36\slf4j-api-1.7.36.jar;"/>
    <property name="sun.cpu.endian" value="little"/>
    <property name="user.home" value="C:\Users\Temple"/>
    <property name="user.language" value="es"/>
    <property name="java.specification.vendor" value="Oracle Corporation"/>
    <property name="java.home" value="C:\Program Files\Java\jdk1.8.0_361\jre"/>
    <property name="basedir" value="C:\Users\Temple\Desktop\pruebaS"/>
    <property name="file.separator" value="\"/>
    <property name="line.separator" value="&#10;"/>
    <property name="java.vm.specification.vendor" value="Oracle Corporation"/>
    <property name="java.specification.name" value="Java Platform API Specification"/>
    <property name="java.awt.graphicsenv" value="sun.awt.Win32GraphicsEnvironment"/>
    <property name="surefire.real.class.path" value="C:\Users\Temple\AppData\Local\Temp\surefire2927727692830996789\surefirebooter1146017763821434186.jar"/>
    <property name="sun.boot.class.path" value="C:\Program Files\Java\jdk1.8.0_361\jre\lib\resources.jar;C:\Program Files\Java\jdk1.8.0_361\jre\lib\rt.jar;C:\Program Files\Java\jdk1.8.0_361\jre\lib\jsse.jar;C:\Program Files\Java\jdk1.8.0_361\jre\lib\jce.jar;C:\Program Files\Java\jdk1.8.0_361\jre\lib\charsets.jar;C:\Program Files\Java\jdk1.8.0_361\jre\lib\jfr.jar;C:\Program Files\Java\jdk1.8.0_361\jre\classes"/>
    <property name="user.script" value=""/>
    <property name="sun.management.compiler" value="HotSpot 64-Bit Tiered Compilers"/>
    <property name="java.runtime.version" value="1.8.0_361-b09"/>
    <property name="user.name" value="Temple"/>
    <property name="path.separator" value=";"/>
    <property name="os.version" value="10.0"/>
    <property name="java.endorsed.dirs" value="C:\Program Files\Java\jdk1.8.0_361\jre\lib\endorsed"/>
    <property name="java.runtime.name" value="Java(TM) SE Runtime Environment"/>
    <property name="file.encoding" value="Cp1252"/>
    <property name="java.vm.name" value="Java HotSpot(TM) 64-Bit Server VM"/>
    <property name="localRepository" value="C:\Users\Temple\.m2\repository"/>
    <property name="java.vendor.url.bug" value="http://bugreport.sun.com/bugreport/"/>
    <property name="java.io.tmpdir" value="C:\Users\Temple\AppData\Local\Temp\"/>
    <property name="java.version" value="1.8.0_361"/>
    <property name="user.dir" value="C:\Users\Temple\Desktop\pruebaS"/>
    <property name="os.arch" value="amd64"/>
    <property name="java.vm.specification.name" value="Java Virtual Machine Specification"/>
    <property name="java.awt.printerjob" value="sun.awt.windows.WPrinterJob"/>
    <property name="sun.os.patch.level" value=""/>
    <property name="java.library.path" value="C:\Program Files\Java\jdk1.8.0_361\jre\bin;C:\Windows\Sun\Java\bin;C:\Windows\system32;C:\Windows;C:\Windows\system32;C:\Windows;C:\Windows\System32\Wbem;C:\Windows\System32\WindowsPowerShell\v1.0\;C:\Windows\System32\OpenSSH\;C:\Program Files\Java\jdk1.8.0_361\bin;C:\programas\apache-maven-3.9.1\bin;C:\Users\Temple\AppData\Local\Microsoft\WindowsApps;C:\Users\Temple\AppData\Local\GitHubDesktop\bin;."/>
    <property name="java.vm.info" value="mixed mode"/>
    <property name="java.vendor" value="Oracle Corporation"/>
    <property name="java.vm.version" value="25.361-b09"/>
    <property name="java.specification.maintenance.version" value="4"/>
    <property name="java.ext.dirs" value="C:\Program Files\Java\jdk1.8.0_361\jre\lib\ext;C:\Windows\Sun\Java\lib\ext"/>
    <property name="sun.io.unicode.encoding" value="UnicodeLittle"/>
    <property name="java.class.version" value="52.0"/>
  </properties>
  <testcase name="contextLoads" classname="com.prueba.prueba.PruebaApplicationTests" time="0.005"/>
</testsuite>